[     430ms] [LOG] JQMIGRATE: Migrate is installed with logging active, version 3.3.1 @ https://www.contura.eu/sitevision/system-resource/84c1b8f33adb01cc962747decc4648a077de0fb00478d207d8d6e9a20126f47f/js/jquery.js:1
[     842ms] [WARNING] AhrefsAnalytics script is already initialized, exiting... Did you install it twice? Please fix. @ https://analytics.ahrefs.com/analytics.js:0
[    1961ms] [WARNING] Google Maps JavaScript API has been loaded directly without loading=async. This can result in suboptimal performance. For best-practice loading patterns please see https://goo.gle/js-api-loading @ https://maps.googleapis.com/maps/api/js?callback=__googleMapsCallback&key=AIzaSyApgbSj9gf2telEPFBbiHNN6jQMXbKbK0I&libraries=places,geometry:2510
[    1989ms] [WARNING] As of March 1st, 2025, google.maps.places.Autocomplete is not available to new customers. Please use google.maps.places.PlaceAutocompleteElement instead. At this time, google.maps.places.Autocomplete is not scheduled to be discontinued, but google.maps.places.PlaceAutocompleteElement is recommended over google.maps.places.Autocomplete. While google.maps.places.Autocomplete will continue to receive bug fixes for any major regressions, existing bugs in google.maps.places.Autocomplete will not be addressed. At least 12 months notice will be given before support is discontinued. Please see https://developers.google.com/maps/legacy for additional details and https://developers.google.com/maps/documentation/javascript/places-migration-overview for the migration guide. @ https://maps.googleapis.com/maps/api/js?callback=__googleMapsCallback&key=AIzaSyApgbSj9gf2telEPFBbiHNN6jQMXbKbK0I&libraries=places,geometry:1095
[    2053ms] [WARNING] <gmp-advanced-marker>: Please use addEventListener('gmp-click', ...) instead of addEventListener('click', ...). @ https://maps.googleapis.com/maps/api/js?callback=__googleMapsCallback&key=AIzaSyApgbSj9gf2telEPFBbiHNN6jQMXbKbK0I&libraries=places,geometry:2394
[    2106ms] [WARNING] <gmp-pin>: The `element` property is deprecated. Please use the PinElement directly. @ https://maps.googleapis.com/maps/api/js?callback=__googleMapsCallback&key=AIzaSyApgbSj9gf2telEPFBbiHNN6jQMXbKbK0I&libraries=places,geometry:2394
[    2243ms] [VERBOSE] Rendering was performed in a subtree hidden by content-visibility. @ https://maps.googleapis.com/maps-api-v3/api/js/65/6a/intl/sv_ALL/marker.js:2
[    2249ms] [VERBOSE] Rendering was performed in a subtree hidden by content-visibility. @ https://maps.googleapis.com/maps-api-v3/api/js/65/6a/intl/sv_ALL/marker.js:2
[    2249ms] [VERBOSE] Rendering was performed in a subtree hidden by content-visibility. @ https://maps.googleapis.com/maps-api-v3/api/js/65/6a/intl/sv_ALL/marker.js:2
[    2249ms] [VERBOSE] Rendering was performed in a subtree hidden by content-visibility. @ https://maps.googleapis.com/maps-api-v3/api/js/65/6a/intl/sv_ALL/marker.js:2
[    2249ms] [VERBOSE] Rendering was performed in a subtree hidden by content-visibility. @ https://maps.googleapis.com/maps-api-v3/api/js/65/6a/intl/sv_ALL/marker.js:2
[    2249ms] [VERBOSE] Rendering was performed in a subtree hidden by content-visibility. @ https://maps.googleapis.com/maps-api-v3/api/js/65/6a/intl/sv_ALL/marker.js:2
[    2249ms] [VERBOSE] Rendering was performed in a subtree hidden by content-visibility. @ https://maps.googleapis.com/maps-api-v3/api/js/65/6a/intl/sv_ALL/marker.js:2
[    2249ms] [VERBOSE] Rendering was performed in a subtree hidden by content-visibility. @ https://maps.googleapis.com/maps-api-v3/api/js/65/6a/intl/sv_ALL/marker.js:2
[    2249ms] [VERBOSE] Rendering was performed in a subtree hidden by content-visibility. @ https://maps.googleapis.com/maps-api-v3/api/js/65/6a/intl/sv_ALL/marker.js:2
[    2249ms] [VERBOSE] Rendering was performed in a subtree hidden by content-visibility. @ https://maps.googleapis.com/maps-api-v3/api/js/65/6a/intl/sv_ALL/marker.js:2
[    2249ms] [VERBOSE] Rendering was performed in a subtree hidden by content-visibility. @ https://maps.googleapis.com/maps-api-v3/api/js/65/6a/intl/sv_ALL/marker.js:2
[    2249ms] [VERBOSE] Rendering was performed in a subtree hidden by content-visibility. @ https://maps.googleapis.com/maps-api-v3/api/js/65/6a/intl/sv_ALL/marker.js:2
[    2250ms] [VERBOSE] Rendering was performed in a subtree hidden by content-visibility. @ https://maps.googleapis.com/maps-api-v3/api/js/65/6a/intl/sv_ALL/marker.js:2
[    2250ms] [VERBOSE] Rendering was performed in a subtree hidden by content-visibility. @ https://maps.googleapis.com/maps-api-v3/api/js/65/6a/intl/sv_ALL/marker.js:2
[    2250ms] [VERBOSE] Rendering was performed in a subtree hidden by content-visibility. @ https://maps.googleapis.com/maps-api-v3/api/js/65/6a/intl/sv_ALL/marker.js:2
[    2250ms] [VERBOSE] Rendering was performed in a subtree hidden by content-visibility. @ https://maps.googleapis.com/maps-api-v3/api/js/65/6a/intl/sv_ALL/marker.js:2
[    2250ms] [VERBOSE] Rendering was performed in a subtree hidden by content-visibility. @ https://maps.googleapis.com/maps-api-v3/api/js/65/6a/intl/sv_ALL/marker.js:2
[    2250ms] [VERBOSE] Rendering was performed in a subtree hidden by content-visibility. @ https://maps.googleapis.com/maps-api-v3/api/js/65/6a/intl/sv_ALL/marker.js:2
[    2250ms] [VERBOSE] Rendering was performed in a subtree hidden by content-visibility. @ https://maps.googleapis.com/maps-api-v3/api/js/65/6a/intl/sv_ALL/marker.js:2
[    2250ms] [VERBOSE] Rendering was performed in a subtree hidden by content-visibility. @ https://maps.googleapis.com/maps-api-v3/api/js/65/6a/intl/sv_ALL/marker.js:2
[    2250ms] [VERBOSE] Rendering was performed in a subtree hidden by content-visibility. @ https://maps.googleapis.com/maps-api-v3/api/js/65/6a/intl/sv_ALL/marker.js:2
[    2250ms] [VERBOSE] Rendering was performed in a subtree hidden by content-visibility. @ https://maps.googleapis.com/maps-api-v3/api/js/65/6a/intl/sv_ALL/marker.js:2
[    2250ms] [VERBOSE] Rendering was performed in a subtree hidden by content-visibility. @ https://maps.googleapis.com/maps-api-v3/api/js/65/6a/intl/sv_ALL/marker.js:2
[    2250ms] [VERBOSE] Rendering was performed in a subtree hidden by content-visibility. @ https://maps.googleapis.com/maps-api-v3/api/js/65/6a/intl/sv_ALL/marker.js:2
[    2250ms] [VERBOSE] Rendering was performed in a subtree hidden by content-visibility. @ https://maps.googleapis.com/maps-api-v3/api/js/65/6a/intl/sv_ALL/marker.js:2
[    2250ms] [VERBOSE] Rendering was performed in a subtree hidden by content-visibility. @ https://maps.googleapis.com/maps-api-v3/api/js/65/6a/intl/sv_ALL/marker.js:2
[    2250ms] [VERBOSE] Rendering was performed in a subtree hidden by content-visibility. @ https://maps.googleapis.com/maps-api-v3/api/js/65/6a/intl/sv_ALL/marker.js:2
[    2250ms] [VERBOSE] Rendering was performed in a subtree hidden by content-visibility. @ https://maps.googleapis.com/maps-api-v3/api/js/65/6a/intl/sv_ALL/marker.js:2
[    2250ms] [VERBOSE] Rendering was performed in a subtree hidden by content-visibility. @ https://maps.googleapis.com/maps-api-v3/api/js/65/6a/intl/sv_ALL/marker.js:2
[    2250ms] [VERBOSE] Rendering was performed in a subtree hidden by content-visibility. @ https://maps.googleapis.com/maps-api-v3/api/js/65/6a/intl/sv_ALL/marker.js:2
[    2251ms] [VERBOSE] Rendering was performed in a subtree hidden by content-visibility. @ https://maps.googleapis.com/maps-api-v3/api/js/65/6a/intl/sv_ALL/marker.js:2
[    2251ms] [VERBOSE] Rendering was performed in a subtree hidden by content-visibility. @ https://maps.googleapis.com/maps-api-v3/api/js/65/6a/intl/sv_ALL/marker.js:2
[    2251ms] [VERBOSE] Rendering was performed in a subtree hidden by content-visibility. @ https://maps.googleapis.com/maps-api-v3/api/js/65/6a/intl/sv_ALL/marker.js:2
[    2251ms] [VERBOSE] Rendering was performed in a subtree hidden by content-visibility. @ https://maps.googleapis.com/maps-api-v3/api/js/65/6a/intl/sv_ALL/marker.js:2
[    2251ms] [VERBOSE] Rendering was performed in a subtree hidden by content-visibility. @ https://maps.googleapis.com/maps-api-v3/api/js/65/6a/intl/sv_ALL/marker.js:2
[    2251ms] [VERBOSE] Rendering was performed in a subtree hidden by content-visibility. @ https://maps.googleapis.com/maps-api-v3/api/js/65/6a/intl/sv_ALL/marker.js:2
[    2251ms] [VERBOSE] Rendering was performed in a subtree hidden by content-visibility. @ https://maps.googleapis.com/maps-api-v3/api/js/65/6a/intl/sv_ALL/marker.js:2
[    2251ms] [VERBOSE] Rendering was performed in a subtree hidden by content-visibility. @ https://maps.googleapis.com/maps-api-v3/api/js/65/6a/intl/sv_ALL/marker.js:2
[    2251ms] [VERBOSE] Rendering was performed in a subtree hidden by content-visibility. @ https://maps.googleapis.com/maps-api-v3/api/js/65/6a/intl/sv_ALL/marker.js:2
[    2251ms] [VERBOSE] Rendering was performed in a subtree hidden by content-visibility. @ https://maps.googleapis.com/maps-api-v3/api/js/65/6a/intl/sv_ALL/marker.js:2
[    2251ms] [VERBOSE] Rendering was performed in a subtree hidden by content-visibility. @ https://maps.googleapis.com/maps-api-v3/api/js/65/6a/intl/sv_ALL/marker.js:2
[    2251ms] [VERBOSE] Rendering was performed in a subtree hidden by content-visibility. @ https://maps.googleapis.com/maps-api-v3/api/js/65/6a/intl/sv_ALL/marker.js:2
[    2251ms] [VERBOSE] Rendering was performed in a subtree hidden by content-visibility. @ https://maps.googleapis.com/maps-api-v3/api/js/65/6a/intl/sv_ALL/marker.js:2
[    2251ms] [VERBOSE] Rendering was performed in a subtree hidden by content-visibility. @ https://maps.googleapis.com/maps-api-v3/api/js/65/6a/intl/sv_ALL/marker.js:2
[    2251ms] [VERBOSE] Rendering was performed in a subtree hidden by content-visibility. @ https://maps.googleapis.com/maps-api-v3/api/js/65/6a/intl/sv_ALL/marker.js:2
[    2251ms] [VERBOSE] Rendering was performed in a subtree hidden by content-visibility. @ https://maps.googleapis.com/maps-api-v3/api/js/65/6a/intl/sv_ALL/marker.js:2
[    2251ms] [VERBOSE] Rendering was performed in a subtree hidden by content-visibility. @ https://maps.googleapis.com/maps-api-v3/api/js/65/6a/intl/sv_ALL/marker.js:2
[    2251ms] [VERBOSE] Rendering was performed in a subtree hidden by content-visibility. @ https://maps.googleapis.com/maps-api-v3/api/js/65/6a/intl/sv_ALL/marker.js:2
[    2251ms] [VERBOSE] Rendering was performed in a subtree hidden by content-visibility. @ https://maps.googleapis.com/maps-api-v3/api/js/65/6a/intl/sv_ALL/marker.js:2
[    2252ms] [VERBOSE] Rendering was performed in a subtree hidden by content-visibility. @ https://maps.googleapis.com/maps-api-v3/api/js/65/6a/intl/sv_ALL/marker.js:2
[    2252ms] [VERBOSE] Rendering was performed in a subtree hidden by content-visibility. @ https://maps.googleapis.com/maps-api-v3/api/js/65/6a/intl/sv_ALL/marker.js:2
[    2252ms] [VERBOSE] Rendering was performed in a subtree hidden by content-visibility. @ https://maps.googleapis.com/maps-api-v3/api/js/65/6a/intl/sv_ALL/marker.js:2
[    2252ms] [VERBOSE] Rendering was performed in a subtree hidden by content-visibility. @ https://maps.googleapis.com/maps-api-v3/api/js/65/6a/intl/sv_ALL/marker.js:2
[    2252ms] [VERBOSE] Rendering was performed in a subtree hidden by content-visibility. @ https://maps.googleapis.com/maps-api-v3/api/js/65/6a/intl/sv_ALL/marker.js:2
[    2252ms] [VERBOSE] Rendering was performed in a subtree hidden by content-visibility. @ https://maps.googleapis.com/maps-api-v3/api/js/65/6a/intl/sv_ALL/marker.js:2
[    2252ms] [VERBOSE] Rendering was performed in a subtree hidden by content-visibility. @ https://maps.googleapis.com/maps-api-v3/api/js/65/6a/intl/sv_ALL/marker.js:2
[    2252ms] [VERBOSE] Rendering was performed in a subtree hidden by content-visibility. @ https://maps.googleapis.com/maps-api-v3/api/js/65/6a/intl/sv_ALL/marker.js:2
[    2252ms] [VERBOSE] Rendering was performed in a subtree hidden by content-visibility. @ https://maps.googleapis.com/maps-api-v3/api/js/65/6a/intl/sv_ALL/marker.js:2
[    2252ms] [VERBOSE] Rendering was performed in a subtree hidden by content-visibility. @ https://maps.googleapis.com/maps-api-v3/api/js/65/6a/intl/sv_ALL/marker.js:2
[    2252ms] [VERBOSE] Rendering was performed in a subtree hidden by content-visibility. @ https://maps.googleapis.com/maps-api-v3/api/js/65/6a/intl/sv_ALL/marker.js:2
[    2252ms] [VERBOSE] Rendering was performed in a subtree hidden by content-visibility. @ https://maps.googleapis.com/maps-api-v3/api/js/65/6a/intl/sv_ALL/marker.js:2
[    2252ms] [VERBOSE] Rendering was performed in a subtree hidden by content-visibility. @ https://maps.googleapis.com/maps-api-v3/api/js/65/6a/intl/sv_ALL/marker.js:2
[    2252ms] [VERBOSE] Rendering was performed in a subtree hidden by content-visibility. @ https://maps.googleapis.com/maps-api-v3/api/js/65/6a/intl/sv_ALL/marker.js:2
[    2252ms] [VERBOSE] Rendering was performed in a subtree hidden by content-visibility. @ https://maps.googleapis.com/maps-api-v3/api/js/65/6a/intl/sv_ALL/marker.js:2
[    2253ms] [VERBOSE] Rendering was performed in a subtree hidden by content-visibility. @ https://maps.googleapis.com/maps-api-v3/api/js/65/6a/intl/sv_ALL/marker.js:2
[    2253ms] [VERBOSE] Rendering was performed in a subtree hidden by content-visibility. @ https://maps.googleapis.com/maps-api-v3/api/js/65/6a/intl/sv_ALL/marker.js:2
[    2253ms] [VERBOSE] Rendering was performed in a subtree hidden by content-visibility. @ https://maps.googleapis.com/maps-api-v3/api/js/65/6a/intl/sv_ALL/marker.js:2
[    2253ms] [VERBOSE] Rendering was performed in a subtree hidden by content-visibility. @ https://maps.googleapis.com/maps-api-v3/api/js/65/6a/intl/sv_ALL/marker.js:2
[    2253ms] [VERBOSE] Rendering was performed in a subtree hidden by content-visibility. @ https://maps.googleapis.com/maps-api-v3/api/js/65/6a/intl/sv_ALL/marker.js:2
[    2253ms] [VERBOSE] Rendering was performed in a subtree hidden by content-visibility. @ https://maps.googleapis.com/maps-api-v3/api/js/65/6a/intl/sv_ALL/marker.js:2
[    2253ms] [VERBOSE] Rendering was performed in a subtree hidden by content-visibility. @ https://maps.googleapis.com/maps-api-v3/api/js/65/6a/intl/sv_ALL/marker.js:2
[    2253ms] [VERBOSE] Rendering was performed in a subtree hidden by content-visibility. @ https://maps.googleapis.com/maps-api-v3/api/js/65/6a/intl/sv_ALL/marker.js:2
[    2253ms] [VERBOSE] Rendering was performed in a subtree hidden by content-visibility. @ https://maps.googleapis.com/maps-api-v3/api/js/65/6a/intl/sv_ALL/marker.js:2
[    2253ms] [VERBOSE] Rendering was performed in a subtree hidden by content-visibility. @ https://maps.googleapis.com/maps-api-v3/api/js/65/6a/intl/sv_ALL/marker.js:2
[    2253ms] [VERBOSE] Rendering was performed in a subtree hidden by content-visibility. @ https://maps.googleapis.com/maps-api-v3/api/js/65/6a/intl/sv_ALL/marker.js:2
[    2253ms] [VERBOSE] Rendering was performed in a subtree hidden by content-visibility. @ https://maps.googleapis.com/maps-api-v3/api/js/65/6a/intl/sv_ALL/marker.js:2
[    2253ms] [VERBOSE] Rendering was performed in a subtree hidden by content-visibility. @ https://maps.googleapis.com/maps-api-v3/api/js/65/6a/intl/sv_ALL/marker.js:2
[    2253ms] [VERBOSE] Rendering was performed in a subtree hidden by content-visibility. @ https://maps.googleapis.com/maps-api-v3/api/js/65/6a/intl/sv_ALL/marker.js:2
[    2253ms] [VERBOSE] Rendering was performed in a subtree hidden by content-visibility. @ https://maps.googleapis.com/maps-api-v3/api/js/65/6a/intl/sv_ALL/marker.js:2
[    2253ms] [VERBOSE] Rendering was performed in a subtree hidden by content-visibility. @ https://maps.googleapis.com/maps-api-v3/api/js/65/6a/intl/sv_ALL/marker.js:2
[    2253ms] [VERBOSE] Rendering was performed in a subtree hidden by content-visibility. @ https://maps.googleapis.com/maps-api-v3/api/js/65/6a/intl/sv_ALL/marker.js:2
[    2253ms] [VERBOSE] Rendering was performed in a subtree hidden by content-visibility. @ https://maps.googleapis.com/maps-api-v3/api/js/65/6a/intl/sv_ALL/marker.js:2
[    2253ms] [VERBOSE] Rendering was performed in a subtree hidden by content-visibility. @ https://maps.googleapis.com/maps-api-v3/api/js/65/6a/intl/sv_ALL/marker.js:2
[    2254ms] [VERBOSE] Rendering was performed in a subtree hidden by content-visibility. @ https://maps.googleapis.com/maps-api-v3/api/js/65/6a/intl/sv_ALL/marker.js:2
[    2254ms] [VERBOSE] Rendering was performed in a subtree hidden by content-visibility. @ https://maps.googleapis.com/maps-api-v3/api/js/65/6a/intl/sv_ALL/marker.js:2
[    2254ms] [VERBOSE] Rendering was performed in a subtree hidden by content-visibility. @ https://maps.googleapis.com/maps-api-v3/api/js/65/6a/intl/sv_ALL/marker.js:2
[    2254ms] [VERBOSE] Rendering was performed in a subtree hidden by content-visibility. @ https://maps.googleapis.com/maps-api-v3/api/js/65/6a/intl/sv_ALL/marker.js:2
[    2254ms] [VERBOSE] Rendering was performed in a subtree hidden by content-visibility. @ https://maps.googleapis.com/maps-api-v3/api/js/65/6a/intl/sv_ALL/marker.js:2
[    2254ms] [VERBOSE] Rendering was performed in a subtree hidden by content-visibility. @ https://maps.googleapis.com/maps-api-v3/api/js/65/6a/intl/sv_ALL/marker.js:2
[    2254ms] [VERBOSE] Rendering was performed in a subtree hidden by content-visibility. @ https://maps.googleapis.com/maps-api-v3/api/js/65/6a/intl/sv_ALL/marker.js:2
[    2254ms] [VERBOSE] Rendering was performed in a subtree hidden by content-visibility. @ https://maps.googleapis.com/maps-api-v3/api/js/65/6a/intl/sv_ALL/marker.js:2
[    2254ms] [VERBOSE] Rendering was performed in a subtree hidden by content-visibility. @ https://maps.googleapis.com/maps-api-v3/api/js/65/6a/intl/sv_ALL/marker.js:2
[    2254ms] [VERBOSE] Rendering was performed in a subtree hidden by content-visibility. @ https://maps.googleapis.com/maps-api-v3/api/js/65/6a/intl/sv_ALL/marker.js:2
[    2254ms] [VERBOSE] Rendering was performed in a subtree hidden by content-visibility. @ https://maps.googleapis.com/maps-api-v3/api/js/65/6a/intl/sv_ALL/marker.js:2
[    2254ms] [VERBOSE] Rendering was performed in a subtree hidden by content-visibility. @ https://maps.googleapis.com/maps-api-v3/api/js/65/6a/intl/sv_ALL/marker.js:2
[    2254ms] [VERBOSE] Rendering was performed in a subtree hidden by content-visibility. @ https://maps.googleapis.com/maps-api-v3/api/js/65/6a/intl/sv_ALL/marker.js:2
[    2254ms] [VERBOSE] Rendering was performed in a subtree hidden by content-visibility. @ https://maps.googleapis.com/maps-api-v3/api/js/65/6a/intl/sv_ALL/marker.js:2
[    2254ms] [VERBOSE] Rendering was performed in a subtree hidden by content-visibility. @ https://maps.googleapis.com/maps-api-v3/api/js/65/6a/intl/sv_ALL/marker.js:2
[    2254ms] [VERBOSE] Rendering was performed in a subtree hidden by content-visibility. @ https://maps.googleapis.com/maps-api-v3/api/js/65/6a/intl/sv_ALL/marker.js:2
[    2254ms] [VERBOSE] Rendering was performed in a subtree hidden by content-visibility. @ https://maps.googleapis.com/maps-api-v3/api/js/65/6a/intl/sv_ALL/marker.js:2
[    2254ms] [VERBOSE] Rendering was performed in a subtree hidden by content-visibility. @ https://maps.googleapis.com/maps-api-v3/api/js/65/6a/intl/sv_ALL/marker.js:2
[    2254ms] [VERBOSE] Rendering was performed in a subtree hidden by content-visibility. @ https://maps.googleapis.com/maps-api-v3/api/js/65/6a/intl/sv_ALL/marker.js:2
[    2254ms] [VERBOSE] Rendering was performed in a subtree hidden by content-visibility. @ https://maps.googleapis.com/maps-api-v3/api/js/65/6a/intl/sv_ALL/marker.js:2
[    2254ms] [VERBOSE] Rendering was performed in a subtree hidden by content-visibility. @ https://maps.googleapis.com/maps-api-v3/api/js/65/6a/intl/sv_ALL/marker.js:2
[    2254ms] [VERBOSE] Rendering was performed in a subtree hidden by content-visibility. @ https://maps.googleapis.com/maps-api-v3/api/js/65/6a/intl/sv_ALL/marker.js:2
[    2254ms] [VERBOSE] Rendering was performed in a subtree hidden by content-visibility. @ https://maps.googleapis.com/maps-api-v3/api/js/65/6a/intl/sv_ALL/marker.js:2
[    2255ms] [VERBOSE] Rendering was performed in a subtree hidden by content-visibility. @ https://maps.googleapis.com/maps-api-v3/api/js/65/6a/intl/sv_ALL/marker.js:2
[    2255ms] [VERBOSE] Rendering was performed in a subtree hidden by content-visibility. @ https://maps.googleapis.com/maps-api-v3/api/js/65/6a/intl/sv_ALL/marker.js:2
[    2255ms] [VERBOSE] Rendering was performed in a subtree hidden by content-visibility. @ https://maps.googleapis.com/maps-api-v3/api/js/65/6a/intl/sv_ALL/marker.js:2
[    2255ms] [VERBOSE] Rendering was performed in a subtree hidden by content-visibility. @ https://maps.googleapis.com/maps-api-v3/api/js/65/6a/intl/sv_ALL/marker.js:2
[    2255ms] [VERBOSE] Rendering was performed in a subtree hidden by content-visibility. @ https://maps.googleapis.com/maps-api-v3/api/js/65/6a/intl/sv_ALL/marker.js:2
[    2255ms] [VERBOSE] Rendering was performed in a subtree hidden by content-visibility. @ https://maps.googleapis.com/maps-api-v3/api/js/65/6a/intl/sv_ALL/marker.js:2
[    2255ms] [VERBOSE] Rendering was performed in a subtree hidden by content-visibility. @ https://maps.googleapis.com/maps-api-v3/api/js/65/6a/intl/sv_ALL/marker.js:2
[    2255ms] [VERBOSE] Rendering was performed in a subtree hidden by content-visibility. @ https://maps.googleapis.com/maps-api-v3/api/js/65/6a/intl/sv_ALL/marker.js:2
[    2255ms] [VERBOSE] Rendering was performed in a subtree hidden by content-visibility. @ https://maps.googleapis.com/maps-api-v3/api/js/65/6a/intl/sv_ALL/marker.js:2
[    2255ms] [VERBOSE] Rendering was performed in a subtree hidden by content-visibility. @ https://maps.googleapis.com/maps-api-v3/api/js/65/6a/intl/sv_ALL/marker.js:2
[   11797ms] [VERBOSE] Rendering was performed in a subtree hidden by content-visibility. @ :3190
[   52443ms] [ERROR] Failed to load resource: the server responded with a status of 500 () @ https://middleware.wt.nibe.net/api/v1//nexus/partner-map/partners?locale=sv:0
